Flow report for Practica2
Wed Sep 06 19:57:59 2023
Quartus Prime Version 18.1.0 Build 625 09/12/2018 SJ Lite Edition


---------------------
; Table of Contents ;
---------------------
  1. Legal Notice
  2. Flow Summary
  3. Flow Settings
  4. Flow Non-Default Global Settings
  5. Flow Elapsed Time
  6. Flow OS Summary
  7. Flow Log
  8. Flow Messages
  9. Flow Suppressed Messages



----------------
; Legal Notice ;
----------------
Copyright (C) 2018  Intel Corporation. All rights reserved.
Your use of Intel Corporation's design tools, logic functions 
and other software and tools, and its AMPP partner logic 
functions, and any output files from any of the foregoing 
(including device programming or simulation files), and any 
associated documentation or information are expressly subject 
to the terms and conditions of the Intel Program License 
Subscription Agreement, the Intel Quartus Prime License Agreement,
the Intel FPGA IP License Agreement, or other applicable license
agreement, including, without limitation, that your use is for
the sole purpose of programming logic devices manufactured by
Intel and sold by Intel or its authorized distributors.  Please
refer to the applicable agreement for further details.



+----------------------------------------------------------------------------------+
; Flow Summary                                                                     ;
+------------------------------------+---------------------------------------------+
; Flow Status                        ; Successful - Wed Sep 06 19:57:53 2023       ;
; Quartus Prime Version              ; 18.1.0 Build 625 09/12/2018 SJ Lite Edition ;
; Revision Name                      ; Practica2                                   ;
; Top-level Entity Name              ; Practica2_VHDL                              ;
; Family                             ; MAX 10                                      ;
; Device                             ; 10M50DAF484C7G                              ;
; Timing Models                      ; Final                                       ;
; Total logic elements               ; 55 / 49,760 ( < 1 % )                       ;
;     Total combinational functions  ; 54 / 49,760 ( < 1 % )                       ;
;     Dedicated logic registers      ; 32 / 49,760 ( < 1 % )                       ;
; Total registers                    ; 32                                          ;
; Total pins                         ; 5 / 360 ( 1 % )                             ;
; Total virtual pins                 ; 0                                           ;
; Total memory bits                  ; 0 / 1,677,312 ( 0 % )                       ;
; Embedded Multiplier 9-bit elements ; 0 / 288 ( 0 % )                             ;
; Total PLLs                         ; 0 / 4 ( 0 % )                               ;
; UFM blocks                         ; 0 / 1 ( 0 % )                               ;
; ADC blocks                         ; 0 / 2 ( 0 % )                               ;
+------------------------------------+---------------------------------------------+


+-----------------------------------------+
; Flow Settings                           ;
+-------------------+---------------------+
; Option            ; Setting             ;
+-------------------+---------------------+
; Start date & time ; 09/06/2023 19:57:19 ;
; Main task         ; Compilation         ;
; Revision Name     ; Practica2           ;
+-------------------+---------------------+


+----------------------------------------------------------------------------------------------------------------------------+
; Flow Non-Default Global Settings                                                                                           ;
+-------------------------------------+----------------------------------------+---------------+----------------+------------+
; Assignment Name                     ; Value                                  ; Default Value ; Entity Name    ; Section Id ;
+-------------------------------------+----------------------------------------+---------------+----------------+------------+
; COMPILER_SIGNATURE_ID               ; 123719797498011.169405183812504        ; --            ; --             ; --         ;
; MAX_CORE_JUNCTION_TEMP              ; 85                                     ; --            ; --             ; --         ;
; MIN_CORE_JUNCTION_TEMP              ; 0                                      ; --            ; --             ; --         ;
; PARTITION_COLOR                     ; -- (Not supported for targeted family) ; --            ; Practica2_VHDL ; Top        ;
; PARTITION_FITTER_PRESERVATION_LEVEL ; -- (Not supported for targeted family) ; --            ; Practica2_VHDL ; Top        ;
; PARTITION_NETLIST_TYPE              ; -- (Not supported for targeted family) ; --            ; Practica2_VHDL ; Top        ;
; PROJECT_OUTPUT_DIRECTORY            ; output_files                           ; --            ; --             ; --         ;
; TOP_LEVEL_ENTITY                    ; Practica2_VHDL                         ; Practica2     ; --             ; --         ;
+-------------------------------------+----------------------------------------+---------------+----------------+------------+


+--------------------------------------------------------------------------------------------------------------------------+
; Flow Elapsed Time                                                                                                        ;
+----------------------+--------------+-------------------------+---------------------+------------------------------------+
; Module Name          ; Elapsed Time ; Average Processors Used ; Peak Virtual Memory ; Total CPU Time (on all processors) ;
+----------------------+--------------+-------------------------+---------------------+------------------------------------+
; Analysis & Synthesis ; 00:00:16     ; 1.0                     ; 4787 MB             ; 00:00:28                           ;
; Fitter               ; 00:00:13     ; 1.0                     ; 5637 MB             ; 00:00:15                           ;
; Assembler            ; 00:00:04     ; 1.0                     ; 4678 MB             ; 00:00:04                           ;
; Timing Analyzer      ; 00:00:05     ; 1.0                     ; 4823 MB             ; 00:00:04                           ;
; Total                ; 00:00:38     ; --                      ; --                  ; 00:00:51                           ;
+----------------------+--------------+-------------------------+---------------------+------------------------------------+


+------------------------------------------------------------------------------------+
; Flow OS Summary                                                                    ;
+----------------------+------------------+------------+------------+----------------+
; Module Name          ; Machine Hostname ; OS Name    ; OS Version ; Processor type ;
+----------------------+------------------+------------+------------+----------------+
; Analysis & Synthesis ; Cucho-out        ; Windows 10 ; 10.0       ; x86_64         ;
; Fitter               ; Cucho-out        ; Windows 10 ; 10.0       ; x86_64         ;
; Assembler            ; Cucho-out        ; Windows 10 ; 10.0       ; x86_64         ;
; Timing Analyzer      ; Cucho-out        ; Windows 10 ; 10.0       ; x86_64         ;
+----------------------+------------------+------------+------------+----------------+


------------
; Flow Log ;
------------
quartus_map --read_settings_files=on --write_settings_files=off Practica2 -c Practica2
quartus_fit --read_settings_files=off --write_settings_files=off Practica2 -c Practica2
quartus_asm --read_settings_files=off --write_settings_files=off Practica2 -c Practica2
quartus_sta Practica2 -c Practica2



